<?xml version="1.0" encoding="UTF-8"?>
<!-- Generated by org.testng.reporters.JUnitReportReporter -->
<testsuite hostname="GURL5CD124TPLD" failures="0" tests="2" name="SeleniumAutomationImpl.LoginTest" time="9.205" errors="0" timestamp="2024-04-19T01:38:16 IST" skipped="0">
  <testcase classname="SeleniumAutomationImpl.LoginTest" name="Registration" time="4.288"/>
  <testcase classname="SeleniumAutomationImpl.LoginTest" name="Login" time="4.917"/>
</testsuite> <!-- SeleniumAutomationImpl.LoginTest -->
